In file included from /home/dmm2017/Desktop/algorithmic-biology/assembler/src/common/sequence/seq.hpp:38:0,
                 from /home/dmm2017/Desktop/algorithmic-biology/assembler/src/common/sequence/sequence.hpp:15,
                 from /home/dmm2017/Desktop/algorithmic-biology/assembler/src/common/assembly_graph/paths/mapping_path.hpp:10,
                 from /home/dmm2017/Desktop/algorithmic-biology/assembler/src/common/modules/alignment/sequence_mapper.hpp:11,
                 from /home/dmm2017/Desktop/algorithmic-biology/assembler/src/projects/spades/transposons_finder.cpp:5:
/home/dmm2017/Desktop/algorithmic-biology/assembler/src/common/sequence/nucl.hpp: In function ‘char nucl(char)’:
/home/dmm2017/Desktop/algorithmic-biology/assembler/src/common/sequence/nucl.hpp:108:38: warning: conversion to ‘char’ from ‘uint32_t {aka unsigned int}’ may alter its value [-Wconversion]
         return (nucl_map >> (8*c)) & 0xFF;
                                      ^
/home/dmm2017/Desktop/algorithmic-biology/assembler/src/common/sequence/nucl.hpp:112:22: warning: conversion to ‘char’ from ‘int’ may alter its value [-Wconversion]
     return c - 'a' + 'A';
                      ^
/home/dmm2017/Desktop/algorithmic-biology/assembler/src/common/sequence/nucl.hpp: In function ‘char dignucl(char)’:
/home/dmm2017/Desktop/algorithmic-biology/assembler/src/common/sequence/nucl.hpp:133:11: warning: conversion to ‘char’ from ‘int’ may alter its value [-Wconversion]
         c = c - 'a' + 'A';
           ^
In file included from /home/dmm2017/Desktop/algorithmic-biology/assembler/src/projects/pathracer/pathtree.hpp:30:0,
                 from /home/dmm2017/Desktop/algorithmic-biology/assembler/src/projects/pathracer/find_best_path.hpp:9,
                 from /home/dmm2017/Desktop/algorithmic-biology/assembler/src/projects/spades/transposons_finder.cpp:21:
/home/dmm2017/Desktop/algorithmic-biology/assembler/src/projects/pathracer/cached_aa_cursor.hpp: In constructor ‘CachedAACursor::CachedAACursor(size_t, unsigned char)’:
/home/dmm2017/Desktop/algorithmic-biology/assembler/src/projects/pathracer/cached_aa_cursor.hpp:28:89: warning: conversion to ‘long unsigned int:61’ from ‘size_t {aka long unsigned int}’ may alter its value [-Wconversion]
     CachedAACursor(size_t index, unsigned char mask = 0b111) : index_{index}, mask_{mask} {}
                                                                                         ^
/home/dmm2017/Desktop/algorithmic-biology/assembler/src/projects/pathracer/cached_aa_cursor.hpp:28:89: warning: conversion to ‘unsigned char:3’ from ‘unsigned char’ may alter its value [-Wconversion]
/home/dmm2017/Desktop/algorithmic-biology/assembler/src/projects/pathracer/cached_aa_cursor.hpp: In constructor ‘CachedAACursor::CachedAACursor()’:
/home/dmm2017/Desktop/algorithmic-biology/assembler/src/projects/pathracer/cached_aa_cursor.hpp:29:55: warning: large integer implicitly truncated to unsigned type [-Woverflow]
     CachedAACursor() : index_{size_t(-1)}, mask_{0b000} {}
                                                       ^
/home/dmm2017/Desktop/algorithmic-biology/assembler/src/projects/spades/transposons_finder.cpp: At global scope:
/home/dmm2017/Desktop/algorithmic-biology/assembler/src/projects/spades/transposons_finder.cpp:722:43: warning: unused parameter ‘gp’ [-Wunused-parameter]
     void TransposonFinder::run(GraphPack &gp, const char *) {
                                           ^
libspades-stages.a(transposons_finder.cpp.o): In function `debruijn_graph::TraceHMM(hmmer::HMM const&, debruijn_graph::DeBruijnGraph const&, std::vector<omnigraph::impl::EdgeId, std::allocator<omnigraph::impl::EdgeId> > const&, superpath_index::SuperpathIndex<omnigraph::impl::EdgeId>, debruijn_graph::PathracerConfig const&, std::vector<HMMPathInfo, std::allocator<HMMPathInfo> >&)':
transposons_finder.cpp:(.text+0x5811): undefined reference to `hmm::fees_from_hmm(p7_hmm_s const*, esl_alphabet_s const*, double)'
transposons_finder.cpp:(.text+0x58c7): undefined reference to `hmm::Fees::all_matches_score(std::__cxx11::basic_string<char, std::char_traits<char>, std::allocator<char> > const&) const'
transposons_finder.cpp:(.text+0x681d): undefined reference to `hmm::Fees::empty_sequence_score() const'
transposons_finder.cpp:(.text+0x690b): undefined reference to `hmm::Fees::empty_sequence_score() const'
transposons_finder.cpp:(.text+0x6992): undefined reference to `hmm::Fees::all_matches_score(std::__cxx11::basic_string<char, std::char_traits<char>, std::allocator<char> > const&) const'
transposons_finder.cpp:(.text+0x6a87): undefined reference to `hmm::Fees::all_matches_score(std::__cxx11::basic_string<char, std::char_traits<char>, std::allocator<char> > const&) const'
transposons_finder.cpp:(.text+0x6b2a): undefined reference to `hmm::Fees::count_negative_loops() const'
transposons_finder.cpp:(.text+0x6c7a): undefined reference to `hmm::Fees::count_negative_loops() const'
libspades-stages.a(transposons_finder.cpp.o): In function `_ZZN14debruijn_graph8TraceHMMERKN5hmmer3HMMERKNS_13DeBruijnGraphERKSt6vectorIN9omnigraph4impl6EdgeIdESaISA_EEN15superpath_index14SuperpathIndexISA_EERKNS_15PathracerConfigERS7_I11HMMPathInfoSaISL_EEENKUlRKT_RKT0_T1_mSO_RKNSt7__cxx1112basic_stringIcSt11char_traitsIcESaIcEEEE_clI21CachedAACursorContextS7_I30OptimizedRestrictedGraphCursorI19DebruijnGraphCursorESaIS19_EEP37OptimizedRestrictedGraphCursorContextIS18_EEEvSR_SU_SV_mSO_S13_.constprop.1862':
transposons_finder.cpp:(.text+0x8598): undefined reference to `find_best_path(hmm::Fees const&, std::vector<CachedAACursor, std::allocator<CachedAACursor> > const&, CachedAACursorContext const*)'
transposons_finder.cpp:(.text+0xa8be): undefined reference to `read_fasta(std::__cxx11::basic_string<char, std::char_traits<char>, std::allocator<char> > const&)'
libspades-stages.a(transposons_finder.cpp.o): In function `_ZZN14debruijn_graph8TraceHMMERKN5hmmer3HMMERKNS_13DeBruijnGraphERKSt6vectorIN9omnigraph4impl6EdgeIdESaISA_EEN15superpath_index14SuperpathIndexISA_EERKNS_15PathracerConfigERS7_I11HMMPathInfoSaISL_EEENKUlRKT_RKT0_T1_mSO_RKNSt7__cxx1112basic_stringIcSt11char_traitsIcESaIcEEEE_clI19CachedCursorContextS7_I13AAGraphCursorI30OptimizedRestrictedGraphCursorI19DebruijnGraphCursorEESaIS1B_EEP37OptimizedRestrictedGraphCursorContextIS19_EEEvSR_SU_SV_mSO_S13_.constprop.1860':
transposons_finder.cpp:(.text+0xbc5e): undefined reference to `find_best_path(hmm::Fees const&, std::vector<CachedCursor, std::allocator<CachedCursor> > const&, CachedCursorContext const*)'
transposons_finder.cpp:(.text+0xcfe5): undefined reference to `read_fasta(std::__cxx11::basic_string<char, std::char_traits<char>, std::allocator<char> > const&)'
libspades-stages.a(transposons_finder.cpp.o): In function `_ZZN14debruijn_graph8TraceHMMERKN5hmmer3HMMERKNS_13DeBruijnGraphERKSt6vectorIN9omnigraph4impl6EdgeIdESaISA_EEN15superpath_index14SuperpathIndexISA_EERKNS_15PathracerConfigERS7_I11HMMPathInfoSaISL_EEENKUlRKT_RKNSt7__cxx1112basic_stringIcSt11char_traitsIcESaIcEEEE0_clIS7_I19DebruijnGraphCursorSaIS12_EEEESt13unordered_setISC_St4hashISC_ESt8equal_toISC_ESaISC_EESR_SZ_':
transposons_finder.cpp:(.text+0xf845): undefined reference to `DebruijnGraphCursor::next(debruijn_graph::DeBruijnGraph const*) const'
transposons_finder.cpp:(.text+0xf974): undefined reference to `DebruijnGraphCursor::prev(debruijn_graph::DeBruijnGraph const*) const'
transposons_finder.cpp:(.text+0xfb42): undefined reference to `find_best_path(hmm::Fees const&, std::vector<CachedCursor, std::allocator<CachedCursor> > const&, CachedCursorContext const*)'
transposons_finder.cpp:(.text+0x11417): undefined reference to `read_fasta(std::__cxx11::basic_string<char, std::char_traits<char>, std::allocator<char> > const&)'
libspades-stages.a(transposons_finder.cpp.o): In function `AAGraphCursor<OptimizedRestrictedGraphCursor<DebruijnGraphCursor> >::from_bases_next(std::vector<OptimizedRestrictedGraphCursor<DebruijnGraphCursor>, std::allocator<OptimizedRestrictedGraphCursor<DebruijnGraphCursor> > > const&, OptimizedRestrictedGraphCursorContext<DebruijnGraphCursor> const*)':
transposons_finder.cpp:(.text._ZN13AAGraphCursorI30OptimizedRestrictedGraphCursorI19DebruijnGraphCursorEE15from_bases_nextERKSt6vectorIS2_SaIS2_EEPK37OptimizedRestrictedGraphCursorContextIS1_E[_ZN13AAGraphCursorI30OptimizedRestrictedGraphCursorI19DebruijnGraphCursorEE15from_bases_nextERKSt6vectorIS2_SaIS2_EEPK37OptimizedRestrictedGraphCursorContextIS1_E]+0x7a): undefined reference to `DebruijnGraphCursor::next(debruijn_graph::DeBruijnGraph const*) const'
transposons_finder.cpp:(.text._ZN13AAGraphCursorI30OptimizedRestrictedGraphCursorI19DebruijnGraphCursorEE15from_bases_nextERKSt6vectorIS2_SaIS2_EEPK37OptimizedRestrictedGraphCursorContextIS1_E[_ZN13AAGraphCursorI30OptimizedRestrictedGraphCursorI19DebruijnGraphCursorEE15from_bases_nextERKSt6vectorIS2_SaIS2_EEPK37OptimizedRestrictedGraphCursorContextIS1_E]+0x128): undefined reference to `DebruijnGraphCursor::next(debruijn_graph::DeBruijnGraph const*) const'
libspades-stages.a(transposons_finder.cpp.o): In function `std::vector<DebruijnGraphCursor, std::allocator<DebruijnGraphCursor> > impl2::depth_subset_dirty_heap<DebruijnGraphCursor>(std::vector<std::pair<DebruijnGraphCursor, unsigned long>, std::allocator<std::pair<DebruijnGraphCursor, unsigned long> > > const&, DebruijnGraphCursor::Context, bool)':
transposons_finder.cpp:(.text._ZN5impl223depth_subset_dirty_heapI19DebruijnGraphCursorEESt6vectorIT_SaIS3_EERKS2_ISt4pairIS3_mESaIS7_EENS3_7ContextEb[_ZN5impl223depth_subset_dirty_heapI19DebruijnGraphCursorEESt6vectorIT_SaIS3_EERKS2_ISt4pairIS3_mESaIS7_EENS3_7ContextEb]+0x3a4): undefined reference to `DebruijnGraphCursor::next(debruijn_graph::DeBruijnGraph const*) const'
transposons_finder.cpp:(.text._ZN5impl223depth_subset_dirty_heapI19DebruijnGraphCursorEESt6vectorIT_SaIS3_EERKS2_ISt4pairIS3_mESaIS7_EENS3_7ContextEb[_ZN5impl223depth_subset_dirty_heapI19DebruijnGraphCursorEESt6vectorIT_SaIS3_EERKS2_ISt4pairIS3_mESaIS7_EENS3_7ContextEb]+0x6e1): undefined reference to `DebruijnGraphCursor::prev(debruijn_graph::DeBruijnGraph const*) const'
libspades-stages.a(transposons_finder.cpp.o): In function `std::vector<std::vector<DebruijnGraphCursor, std::allocator<DebruijnGraphCursor> >, std::allocator<std::vector<DebruijnGraphCursor, std::allocator<DebruijnGraphCursor> > > > cursor_connected_components<DebruijnGraphCursor>(std::vector<DebruijnGraphCursor, std::allocator<DebruijnGraphCursor> > const&, DebruijnGraphCursor::Context)':
transposons_finder.cpp:(.text._Z27cursor_connected_componentsI19DebruijnGraphCursorESt6vectorIS1_IT_SaIS2_EESaIS4_EERKS4_NS2_7ContextE[_Z27cursor_connected_componentsI19DebruijnGraphCursorESt6vectorIS1_IT_SaIS2_EESaIS4_EERKS4_NS2_7ContextE]+0x210): undefined reference to `DebruijnGraphCursor::next(debruijn_graph::DeBruijnGraph const*) const'
transposons_finder.cpp:(.text._Z27cursor_connected_componentsI19DebruijnGraphCursorESt6vectorIS1_IT_SaIS2_EESaIS4_EERKS4_NS2_7ContextE[_Z27cursor_connected_componentsI19DebruijnGraphCursorESt6vectorIS1_IT_SaIS2_EESaIS4_EERKS4_NS2_7ContextE]+0x21f): undefined reference to `DebruijnGraphCursor::prev(debruijn_graph::DeBruijnGraph const*) const'
libspades-stages.a(transposons_finder.cpp.o): In function `bool check_cursor_symmetry<DebruijnGraphCursor>(DebruijnGraphCursor const&, DebruijnGraphCursor::Context)':
transposons_finder.cpp:(.text._Z21check_cursor_symmetryI19DebruijnGraphCursorEbRKT_NS1_7ContextE[_Z21check_cursor_symmetryI19DebruijnGraphCursorEbRKT_NS1_7ContextE]+0x34): undefined reference to `DebruijnGraphCursor::next(debruijn_graph::DeBruijnGraph const*) const'
transposons_finder.cpp:(.text._Z21check_cursor_symmetryI19DebruijnGraphCursorEbRKT_NS1_7ContextE[_Z21check_cursor_symmetryI19DebruijnGraphCursorEbRKT_NS1_7ContextE]+0x7e): undefined reference to `DebruijnGraphCursor::prev(debruijn_graph::DeBruijnGraph const*) const'
transposons_finder.cpp:(.text._Z21check_cursor_symmetryI19DebruijnGraphCursorEbRKT_NS1_7ContextE[_Z21check_cursor_symmetryI19DebruijnGraphCursorEbRKT_NS1_7ContextE]+0x13d): undefined reference to `DebruijnGraphCursor::prev(debruijn_graph::DeBruijnGraph const*) const'
transposons_finder.cpp:(.text._Z21check_cursor_symmetryI19DebruijnGraphCursorEbRKT_NS1_7ContextE[_Z21check_cursor_symmetryI19DebruijnGraphCursorEbRKT_NS1_7ContextE]+0x186): undefined reference to `DebruijnGraphCursor::next(debruijn_graph::DeBruijnGraph const*) const'
libspades-stages.a(transposons_finder.cpp.o): In function `CachedCursorContext::CachedCursorContext<AAGraphCursor<OptimizedRestrictedGraphCursor<DebruijnGraphCursor> > >(std::vector<AAGraphCursor<OptimizedRestrictedGraphCursor<DebruijnGraphCursor> >, std::allocator<AAGraphCursor<OptimizedRestrictedGraphCursor<DebruijnGraphCursor> > > > const&, AAGraphCursor<OptimizedRestrictedGraphCursor<DebruijnGraphCursor> >::Context)':
transposons_finder.cpp:(.text._ZN19CachedCursorContextC2I13AAGraphCursorI30OptimizedRestrictedGraphCursorI19DebruijnGraphCursorEEEERKSt6vectorIT_SaIS7_EENS7_7ContextE[_ZN19CachedCursorContextC5I13AAGraphCursorI30OptimizedRestrictedGraphCursorI19DebruijnGraphCursorEEEERKSt6vectorIT_SaIS7_EENS7_7ContextE]+0x2ee): undefined reference to `DebruijnGraphCursor::next(debruijn_graph::DeBruijnGraph const*) const'
transposons_finder.cpp:(.text._ZN19CachedCursorContextC2I13AAGraphCursorI30OptimizedRestrictedGraphCursorI19DebruijnGraphCursorEEEERKSt6vectorIT_SaIS7_EENS7_7ContextE[_ZN19CachedCursorContextC5I13AAGraphCursorI30OptimizedRestrictedGraphCursorI19DebruijnGraphCursorEEEERKSt6vectorIT_SaIS7_EENS7_7ContextE]+0x3d2): undefined reference to `DebruijnGraphCursor::next(debruijn_graph::DeBruijnGraph const*) const'
transposons_finder.cpp:(.text._ZN19CachedCursorContextC2I13AAGraphCursorI30OptimizedRestrictedGraphCursorI19DebruijnGraphCursorEEEERKSt6vectorIT_SaIS7_EENS7_7ContextE[_ZN19CachedCursorContextC5I13AAGraphCursorI30OptimizedRestrictedGraphCursorI19DebruijnGraphCursorEEEERKSt6vectorIT_SaIS7_EENS7_7ContextE]+0x493): undefined reference to `DebruijnGraphCursor::next(debruijn_graph::DeBruijnGraph const*) const'
transposons_finder.cpp:(.text._ZN19CachedCursorContextC2I13AAGraphCursorI30OptimizedRestrictedGraphCursorI19DebruijnGraphCursorEEEERKSt6vectorIT_SaIS7_EENS7_7ContextE[_ZN19CachedCursorContextC5I13AAGraphCursorI30OptimizedRestrictedGraphCursorI19DebruijnGraphCursorEEEERKSt6vectorIT_SaIS7_EENS7_7ContextE]+0x678): undefined reference to `DebruijnGraphCursor::prev(debruijn_graph::DeBruijnGraph const*) const'
transposons_finder.cpp:(.text._ZN19CachedCursorContextC2I13AAGraphCursorI30OptimizedRestrictedGraphCursorI19DebruijnGraphCursorEEEERKSt6vectorIT_SaIS7_EENS7_7ContextE[_ZN19CachedCursorContextC5I13AAGraphCursorI30OptimizedRestrictedGraphCursorI19DebruijnGraphCursorEEEERKSt6vectorIT_SaIS7_EENS7_7ContextE]+0x765): undefined reference to `DebruijnGraphCursor::prev(debruijn_graph::DeBruijnGraph const*) const'
transposons_finder.cpp:(.text._ZN19CachedCursorContextC2I13AAGraphCursorI30OptimizedRestrictedGraphCursorI19DebruijnGraphCursorEEEERKSt6vectorIT_SaIS7_EENS7_7ContextE[_ZN19CachedCursorContextC5I13AAGraphCursorI30OptimizedRestrictedGraphCursorI19DebruijnGraphCursorEEEERKSt6vectorIT_SaIS7_EENS7_7ContextE]+0x823): undefined reference to `DebruijnGraphCursor::prev(debruijn_graph::DeBruijnGraph const*) const'
libspades-stages.a(transposons_finder.cpp.o): In function `bool check_path_continuity<OptimizedRestrictedGraphCursor<DebruijnGraphCursor> >(std::vector<OptimizedRestrictedGraphCursor<DebruijnGraphCursor>, std::allocator<OptimizedRestrictedGraphCursor<DebruijnGraphCursor> > > const&, OptimizedRestrictedGraphCursor<DebruijnGraphCursor>::Context)':
transposons_finder.cpp:(.text._Z21check_path_continuityI30OptimizedRestrictedGraphCursorI19DebruijnGraphCursorEEbRKSt6vectorIT_SaIS4_EENS4_7ContextE[_Z21check_path_continuityI30OptimizedRestrictedGraphCursorI19DebruijnGraphCursorEEbRKSt6vectorIT_SaIS4_EENS4_7ContextE]+0x61): undefined reference to `DebruijnGraphCursor::next(debruijn_graph::DeBruijnGraph const*) const'
transposons_finder.cpp:(.text._Z21check_path_continuityI30OptimizedRestrictedGraphCursorI19DebruijnGraphCursorEEbRKSt6vectorIT_SaIS4_EENS4_7ContextE[_Z21check_path_continuityI30OptimizedRestrictedGraphCursorI19DebruijnGraphCursorEEbRKSt6vectorIT_SaIS4_EENS4_7ContextE]+0xfa): undefined reference to `DebruijnGraphCursor::prev(debruijn_graph::DeBruijnGraph const*) const'
libspades-stages.a(transposons_finder.cpp.o): In function `CachedAACursorContext::CachedAACursorContext<OptimizedRestrictedGraphCursor<DebruijnGraphCursor> >(std::vector<OptimizedRestrictedGraphCursor<DebruijnGraphCursor>, std::allocator<OptimizedRestrictedGraphCursor<DebruijnGraphCursor> > > const&, OptimizedRestrictedGraphCursor<DebruijnGraphCursor>::Context)':
transposons_finder.cpp:(.text._ZN21CachedAACursorContextC2I30OptimizedRestrictedGraphCursorI19DebruijnGraphCursorEEERKSt6vectorIT_SaIS5_EENS5_7ContextE[_ZN21CachedAACursorContextC5I30OptimizedRestrictedGraphCursorI19DebruijnGraphCursorEEERKSt6vectorIT_SaIS5_EENS5_7ContextE]+0x25a): undefined reference to `DebruijnGraphCursor::next(debruijn_graph::DeBruijnGraph const*) const'
transposons_finder.cpp:(.text._ZN21CachedAACursorContextC2I30OptimizedRestrictedGraphCursorI19DebruijnGraphCursorEEERKSt6vectorIT_SaIS5_EENS5_7ContextE[_ZN21CachedAACursorContextC5I30OptimizedRestrictedGraphCursorI19DebruijnGraphCursorEEERKSt6vectorIT_SaIS5_EENS5_7ContextE]+0x34e): undefined reference to `DebruijnGraphCursor::next(debruijn_graph::DeBruijnGraph const*) const'
transposons_finder.cpp:(.text._ZN21CachedAACursorContextC2I30OptimizedRestrictedGraphCursorI19DebruijnGraphCursorEEERKSt6vectorIT_SaIS5_EENS5_7ContextE[_ZN21CachedAACursorContextC5I30OptimizedRestrictedGraphCursorI19DebruijnGraphCursorEEERKSt6vectorIT_SaIS5_EENS5_7ContextE]+0x40b): undefined reference to `DebruijnGraphCursor::next(debruijn_graph::DeBruijnGraph const*) const'
transposons_finder.cpp:(.text._ZN21CachedAACursorContextC2I30OptimizedRestrictedGraphCursorI19DebruijnGraphCursorEEERKSt6vectorIT_SaIS5_EENS5_7ContextE[_ZN21CachedAACursorContextC5I30OptimizedRestrictedGraphCursorI19DebruijnGraphCursorEEERKSt6vectorIT_SaIS5_EENS5_7ContextE]+0x5c3): undefined reference to `DebruijnGraphCursor::prev(debruijn_graph::DeBruijnGraph const*) const'
transposons_finder.cpp:(.text._ZN21CachedAACursorContextC2I30OptimizedRestrictedGraphCursorI19DebruijnGraphCursorEEERKSt6vectorIT_SaIS5_EENS5_7ContextE[_ZN21CachedAACursorContextC5I30OptimizedRestrictedGraphCursorI19DebruijnGraphCursorEEERKSt6vectorIT_SaIS5_EENS5_7ContextE]+0x6b6): undefined reference to `DebruijnGraphCursor::prev(debruijn_graph::DeBruijnGraph const*) const'
transposons_finder.cpp:(.text._ZN21CachedAACursorContextC2I30OptimizedRestrictedGraphCursorI19DebruijnGraphCursorEEERKSt6vectorIT_SaIS5_EENS5_7ContextE[_ZN21CachedAACursorContextC5I30OptimizedRestrictedGraphCursorI19DebruijnGraphCursorEEERKSt6vectorIT_SaIS5_EENS5_7ContextE]+0x773): undefined reference to `DebruijnGraphCursor::prev(debruijn_graph::DeBruijnGraph const*) const'
transposons_finder.cpp:(.text._ZN21CachedAACursorContextC2I30OptimizedRestrictedGraphCursorI19DebruijnGraphCursorEEERKSt6vectorIT_SaIS5_EENS5_7ContextE[_ZN21CachedAACursorContextC5I30OptimizedRestrictedGraphCursorI19DebruijnGraphCursorEEERKSt6vectorIT_SaIS5_EENS5_7ContextE]+0xa7c): undefined reference to `DebruijnGraphCursor::next(debruijn_graph::DeBruijnGraph const*) const'
transposons_finder.cpp:(.text._ZN21CachedAACursorContextC2I30OptimizedRestrictedGraphCursorI19DebruijnGraphCursorEEERKSt6vectorIT_SaIS5_EENS5_7ContextE[_ZN21CachedAACursorContextC5I30OptimizedRestrictedGraphCursorI19DebruijnGraphCursorEEERKSt6vectorIT_SaIS5_EENS5_7ContextE]+0xb75): undefined reference to `DebruijnGraphCursor::next(debruijn_graph::DeBruijnGraph const*) const'
transposons_finder.cpp:(.text._ZN21CachedAACursorContextC2I30OptimizedRestrictedGraphCursorI19DebruijnGraphCursorEEERKSt6vectorIT_SaIS5_EENS5_7ContextE[_ZN21CachedAACursorContextC5I30OptimizedRestrictedGraphCursorI19DebruijnGraphCursorEEERKSt6vectorIT_SaIS5_EENS5_7ContextE]+0xf5b): undefined reference to `DebruijnGraphCursor::next(debruijn_graph::DeBruijnGraph const*) const'
transposons_finder.cpp:(.text._ZN21CachedAACursorContextC2I30OptimizedRestrictedGraphCursorI19DebruijnGraphCursorEEERKSt6vectorIT_SaIS5_EENS5_7ContextE[_ZN21CachedAACursorContextC5I30OptimizedRestrictedGraphCursorI19DebruijnGraphCursorEEERKSt6vectorIT_SaIS5_EENS5_7ContextE]+0x1036): undefined reference to `DebruijnGraphCursor::next(debruijn_graph::DeBruijnGraph const*) const'
transposons_finder.cpp:(.text._ZN21CachedAACursorContextC2I30OptimizedRestrictedGraphCursorI19DebruijnGraphCursorEEERKSt6vectorIT_SaIS5_EENS5_7ContextE[_ZN21CachedAACursorContextC5I30OptimizedRestrictedGraphCursorI19DebruijnGraphCursorEEERKSt6vectorIT_SaIS5_EENS5_7ContextE]+0x10f5): undefined reference to `DebruijnGraphCursor::next(debruijn_graph::DeBruijnGraph const*) const'
transposons_finder.cpp:(.text._ZN21CachedAACursorContextC2I30OptimizedRestrictedGraphCursorI19DebruijnGraphCursorEEERKSt6vectorIT_SaIS5_EENS5_7ContextE[_ZN21CachedAACursorContextC5I30OptimizedRestrictedGraphCursorI19DebruijnGraphCursorEEERKSt6vectorIT_SaIS5_EENS5_7ContextE]+0x14c6): undefined reference to `DebruijnGraphCursor::prev(debruijn_graph::DeBruijnGraph const*) const'
transposons_finder.cpp:(.text._ZN21CachedAACursorContextC2I30OptimizedRestrictedGraphCursorI19DebruijnGraphCursorEEERKSt6vectorIT_SaIS5_EENS5_7ContextE[_ZN21CachedAACursorContextC5I30OptimizedRestrictedGraphCursorI19DebruijnGraphCursorEEERKSt6vectorIT_SaIS5_EENS5_7ContextE]+0x159c): undefined reference to `DebruijnGraphCursor::prev(debruijn_graph::DeBruijnGraph const*) const'
transposons_finder.cpp:(.text._ZN21CachedAACursorContextC2I30OptimizedRestrictedGraphCursorI19DebruijnGraphCursorEEERKSt6vectorIT_SaIS5_EENS5_7ContextE[_ZN21CachedAACursorContextC5I30OptimizedRestrictedGraphCursorI19DebruijnGraphCursorEEERKSt6vectorIT_SaIS5_EENS5_7ContextE]+0x165d): undefined reference to `DebruijnGraphCursor::prev(debruijn_graph::DeBruijnGraph const*) const'
transposons_finder.cpp:(.text._ZN21CachedAACursorContextC2I30OptimizedRestrictedGraphCursorI19DebruijnGraphCursorEEERKSt6vectorIT_SaIS5_EENS5_7ContextE[_ZN21CachedAACursorContextC5I30OptimizedRestrictedGraphCursorI19DebruijnGraphCursorEEERKSt6vectorIT_SaIS5_EENS5_7ContextE]+0x1b8d): undefined reference to `DebruijnGraphCursor::next(debruijn_graph::DeBruijnGraph const*) const'
transposons_finder.cpp:(.text._ZN21CachedAACursorContextC2I30OptimizedRestrictedGraphCursorI19DebruijnGraphCursorEEERKSt6vectorIT_SaIS5_EENS5_7ContextE[_ZN21CachedAACursorContextC5I30OptimizedRestrictedGraphCursorI19DebruijnGraphCursorEEERKSt6vectorIT_SaIS5_EENS5_7ContextE]+0x1c7e): undefined reference to `DebruijnGraphCursor::next(debruijn_graph::DeBruijnGraph const*) const'
collect2: error: ld returned 1 exit status
make[3]: *** [bin/spades-core] Error 1
make[2]: *** [projects/spades/CMakeFiles/spades-core.dir/all] Error 2
make[1]: *** [all] Error 2
make: *** [rd] Error 2
